d:\creative\programming\visual studio projects\directx\directx11-pbr\directx11-pbr\x64\debug\vc143.pdb
d:\creative\programming\visual studio projects\directx\directx11-pbr\directx11-pbr\x64\debug\vc143.idb
d:\creative\programming\visual studio projects\directx\directx11-pbr\directx11-pbr\x64\debug\window.obj
d:\creative\programming\visual studio projects\directx\directx11-pbr\directx11-pbr\x64\debug\input.obj
d:\creative\programming\visual studio projects\directx\directx11-pbr\directx11-pbr\x64\debug\time.obj
d:\creative\programming\visual studio projects\directx\directx11-pbr\directx11-pbr\x64\debug\tiny_obj_loader.obj
d:\creative\programming\visual studio projects\directx\directx11-pbr\directx11-pbr\x64\debug\texture.obj
d:\creative\programming\visual studio projects\directx\directx11-pbr\directx11-pbr\x64\debug\stb_image.obj
d:\creative\programming\visual studio projects\directx\directx11-pbr\directx11-pbr\x64\debug\hdrcubemap.obj
d:\creative\programming\visual studio projects\directx\directx11-pbr\directx11-pbr\x64\debug\shader.obj
d:\creative\programming\visual studio projects\directx\directx11-pbr\directx11-pbr\x64\debug\rendertarget.obj
d:\creative\programming\visual studio projects\directx\directx11-pbr\directx11-pbr\x64\debug\renderpass.obj
d:\creative\programming\visual studio projects\directx\directx11-pbr\directx11-pbr\x64\debug\model.obj
d:\creative\programming\visual studio projects\directx\directx11-pbr\directx11-pbr\x64\debug\graphicsdevice.obj
d:\creative\programming\visual studio projects\directx\directx11-pbr\directx11-pbr\x64\debug\geometry.obj
d:\creative\programming\visual studio projects\directx\directx11-pbr\directx11-pbr\x64\debug\camera3d.obj
d:\creative\programming\visual studio projects\directx\directx11-pbr\directx11-pbr\x64\debug\buffers.obj
d:\creative\programming\visual studio projects\directx\directx11-pbr\directx11-pbr\x64\debug\ofbx.obj
d:\creative\programming\visual studio projects\directx\directx11-pbr\directx11-pbr\x64\debug\audioengine.obj
d:\creative\programming\visual studio projects\directx\directx11-pbr\directx11-pbr\x64\debug\playercamera.obj
d:\creative\programming\visual studio projects\directx\directx11-pbr\directx11-pbr\x64\debug\main.obj
d:\creative\programming\visual studio projects\directx\directx11-pbr\directx11-pbr\x64\debug\application.obj
d:\creative\programming\visual studio projects\directx\directx11-pbr\directx11-pbr\x64\debug\material.obj
d:\creative\programming\visual studio projects\directx\directx11-pbr\directx11-pbr\x64\debug\minivorbis.obj
d:\creative\programming\visual studio projects\directx\directx11-pbr\directx11-pbr\x64\debug\miniz.obj
d:\creative\programming\visual studio projects\directx\directx11-pbr\x64\debug\directx11-pbr.exe
d:\creative\programming\visual studio projects\directx\directx11-pbr\directx11-pbr\x64\debug\directx11-pbr.ilk
d:\creative\programming\visual studio projects\directx\directx11-pbr\x64\debug\directx11-pbr.pdb
d:\creative\programming\visual studio projects\directx\directx11-pbr\directx11-pbr\x64\debug\application.nativecodeanalysis.xml
d:\creative\programming\visual studio projects\directx\directx11-pbr\directx11-pbr\x64\debug\audioengine.nativecodeanalysis.xml
d:\creative\programming\visual studio projects\directx\directx11-pbr\directx11-pbr\x64\debug\buffers.nativecodeanalysis.xml
d:\creative\programming\visual studio projects\directx\directx11-pbr\directx11-pbr\x64\debug\camera3d.nativecodeanalysis.xml
d:\creative\programming\visual studio projects\directx\directx11-pbr\directx11-pbr\x64\debug\geometry.nativecodeanalysis.xml
d:\creative\programming\visual studio projects\directx\directx11-pbr\directx11-pbr\x64\debug\graphicsdevice.nativecodeanalysis.xml
d:\creative\programming\visual studio projects\directx\directx11-pbr\directx11-pbr\x64\debug\hdrcubemap.nativecodeanalysis.xml
d:\creative\programming\visual studio projects\directx\directx11-pbr\directx11-pbr\x64\debug\input.nativecodeanalysis.xml
d:\creative\programming\visual studio projects\directx\directx11-pbr\directx11-pbr\x64\debug\main.nativecodeanalysis.xml
d:\creative\programming\visual studio projects\directx\directx11-pbr\directx11-pbr\x64\debug\ofbx.nativecodeanalysis.xml
d:\creative\programming\visual studio projects\directx\directx11-pbr\directx11-pbr\x64\debug\playercamera.nativecodeanalysis.xml
d:\creative\programming\visual studio projects\directx\directx11-pbr\directx11-pbr\x64\debug\renderpass.nativecodeanalysis.xml
d:\creative\programming\visual studio projects\directx\directx11-pbr\directx11-pbr\x64\debug\rendertarget.nativecodeanalysis.xml
d:\creative\programming\visual studio projects\directx\directx11-pbr\directx11-pbr\x64\debug\shader.nativecodeanalysis.xml
d:\creative\programming\visual studio projects\directx\directx11-pbr\directx11-pbr\x64\debug\stb_image.nativecodeanalysis.xml
d:\creative\programming\visual studio projects\directx\directx11-pbr\directx11-pbr\x64\debug\texture.nativecodeanalysis.xml
d:\creative\programming\visual studio projects\directx\directx11-pbr\directx11-pbr\x64\debug\time.nativecodeanalysis.xml
d:\creative\programming\visual studio projects\directx\directx11-pbr\directx11-pbr\x64\debug\tiny_obj_loader.nativecodeanalysis.xml
d:\creative\programming\visual studio projects\directx\directx11-pbr\directx11-pbr\x64\debug\window.nativecodeanalysis.xml
d:\creative\programming\visual studio projects\directx\directx11-pbr\directx11-pbr\x64\debug\directx11-pbr.tlog\cl.command.1.tlog
d:\creative\programming\visual studio projects\directx\directx11-pbr\directx11-pbr\x64\debug\directx11-pbr.tlog\cl.read.1.tlog
d:\creative\programming\visual studio projects\directx\directx11-pbr\directx11-pbr\x64\debug\directx11-pbr.tlog\cl.write.1.tlog
d:\creative\programming\visual studio projects\directx\directx11-pbr\directx11-pbr\x64\debug\directx11-pbr.tlog\link.command.1.tlog
d:\creative\programming\visual studio projects\directx\directx11-pbr\directx11-pbr\x64\debug\directx11-pbr.tlog\link.read.1.tlog
d:\creative\programming\visual studio projects\directx\directx11-pbr\directx11-pbr\x64\debug\directx11-pbr.tlog\link.write.1.tlog
